{
  "RSpec": {
    "coverage": {
      "/Users/robindittrich/turing/3module/projects/sweater_weather/app/models/user.rb": {
        "lines": [
          1,
          1,
          null,
          null,
          null,
          1,
          null,
          1,
          null
        ]
      },
      "/Users/robindittrich/turing/3module/projects/sweater_weather/app/models/application_record.rb": {
        "lines": [
          1,
          1,
          null
        ]
      },
      "/Users/robindittrich/turing/3module/projects/sweater_weather/app/services/map_quest_service.rb": {
        "lines": [
          1,
          1,
          1,
          1,
          null,
          null,
          null,
          1,
          2,
          2,
          null,
          null
        ]
      },
      "/Users/robindittrich/turing/3module/projects/sweater_weather/app/controllers/api/v1/forecast_controller.rb": {
        "lines": [
          1,
          1,
          1,
          0,
          null,
          null
        ]
      },
      "/Users/robindittrich/turing/3module/projects/sweater_weather/app/controllers/application_controller.rb": {
        "lines": [
          1,
          null
        ]
      },
      "/Users/robindittrich/turing/3module/projects/sweater_weather/app/facades/forecast_facade.rb": {
        "lines": [
          1,
          1,
          1,
          1,
          null,
          0,
          null,
          null
        ]
      },
      "/Users/robindittrich/turing/3module/projects/sweater_weather/app/services/forecast_service.rb": {
        "lines": [
          1,
          1,
          1,
          1,
          null,
          null,
          null,
          1,
          0,
          0,
          0,
          null,
          null
        ]
      },
      "/Users/robindittrich/turing/3module/projects/sweater_weather/app/poros/forecast.rb": {
        "lines": [
          0,
          0,
          null,
          0,
          0,
          0,
          0
        ],
        "branches": {
        }
      }
    },
    "timestamp": 1646516727
  }
}
